{"C:\\Users\\Techsavvy\\Desktop\\Programação\\loja-nodejs-express-typescript-postgres\\src\\modules\\products\\infra\\typeorm\\entities\\Product.ts": {"path":"C:\\Users\\Techsavvy\\Desktop\\Programação\\loja-nodejs-express-typescript-postgres\\src\\modules\\products\\infra\\typeorm\\entities\\Product.ts","all":false,"statementMap":{"0":{"start":{"line":1,"column":0},"end":{"line":1,"column":45}},"1":{"start":{"line":2,"column":0},"end":{"line":2,"column":33}},"2":{"start":{"line":3,"column":0},"end":{"line":3,"column":57}},"3":{"start":{"line":4,"column":0},"end":{"line":4,"column":0}},"4":{"start":{"line":5,"column":0},"end":{"line":5,"column":19}},"5":{"start":{"line":6,"column":0},"end":{"line":6,"column":22}},"6":{"start":{"line":7,"column":0},"end":{"line":7,"column":2}},"7":{"start":{"line":8,"column":0},"end":{"line":8,"column":19}},"8":{"start":{"line":9,"column":0},"end":{"line":9,"column":13}},"9":{"start":{"line":10,"column":0},"end":{"line":10,"column":0}},"10":{"start":{"line":11,"column":0},"end":{"line":11,"column":11}},"11":{"start":{"line":12,"column":0},"end":{"line":12,"column":15}},"12":{"start":{"line":13,"column":0},"end":{"line":13,"column":2}},"13":{"start":{"line":14,"column":0},"end":{"line":14,"column":11}},"14":{"start":{"line":15,"column":0},"end":{"line":15,"column":22}},"15":{"start":{"line":16,"column":0},"end":{"line":16,"column":0}},"16":{"start":{"line":17,"column":0},"end":{"line":17,"column":11}},"17":{"start":{"line":18,"column":0},"end":{"line":18,"column":16}},"18":{"start":{"line":19,"column":0},"end":{"line":19,"column":0}},"19":{"start":{"line":20,"column":0},"end":{"line":20,"column":17}},"20":{"start":{"line":21,"column":0},"end":{"line":21,"column":17}},"21":{"start":{"line":22,"column":0},"end":{"line":22,"column":20}},"22":{"start":{"line":23,"column":0},"end":{"line":23,"column":4}},"23":{"start":{"line":24,"column":0},"end":{"line":24,"column":3}},"24":{"start":{"line":25,"column":0},"end":{"line":25,"column":1}}},"s":{"0":1,"1":1,"2":1,"3":1,"4":1,"5":1,"6":1,"7":1,"8":1,"9":1,"10":1,"11":1,"12":1,"13":1,"14":1,"15":1,"16":1,"17":1,"18":1,"19":1,"20":5,"21":5,"22":5,"23":5,"24":1},"branchMap":{"0":{"type":"branch","line":20,"loc":{"start":{"line":20,"column":2},"end":{"line":24,"column":3}},"locations":[{"start":{"line":20,"column":2},"end":{"line":24,"column":3}}]}},"b":{"0":[5]},"fnMap":{"0":{"name":"Product","decl":{"start":{"line":20,"column":2},"end":{"line":24,"column":3}},"loc":{"start":{"line":20,"column":2},"end":{"line":24,"column":3}},"line":20}},"f":{"0":5}}
,"C:\\Users\\Techsavvy\\Desktop\\Programação\\loja-nodejs-express-typescript-postgres\\src\\modules\\products\\repositories\\fakes\\FakeProductsRepository.ts": {"path":"C:\\Users\\Techsavvy\\Desktop\\Programação\\loja-nodejs-express-typescript-postgres\\src\\modules\\products\\repositories\\fakes\\FakeProductsRepository.ts","all":false,"statementMap":{"0":{"start":{"line":1,"column":0},"end":{"line":1,"column":64}},"1":{"start":{"line":2,"column":0},"end":{"line":2,"column":62}},"2":{"start":{"line":3,"column":0},"end":{"line":3,"column":60}},"3":{"start":{"line":4,"column":0},"end":{"line":4,"column":33}},"4":{"start":{"line":5,"column":0},"end":{"line":5,"column":0}},"5":{"start":{"line":6,"column":0},"end":{"line":6,"column":68}},"6":{"start":{"line":7,"column":0},"end":{"line":7,"column":25}},"7":{"start":{"line":8,"column":0},"end":{"line":8,"column":0}},"8":{"start":{"line":9,"column":0},"end":{"line":9,"column":80}},"9":{"start":{"line":10,"column":0},"end":{"line":10,"column":31}},"10":{"start":{"line":11,"column":0},"end":{"line":11,"column":0}},"11":{"start":{"line":12,"column":0},"end":{"line":12,"column":26}},"12":{"start":{"line":13,"column":0},"end":{"line":13,"column":14}},"13":{"start":{"line":14,"column":0},"end":{"line":14,"column":8}},"14":{"start":{"line":15,"column":0},"end":{"line":15,"column":15}},"15":{"start":{"line":16,"column":0},"end":{"line":16,"column":8}},"16":{"start":{"line":17,"column":0},"end":{"line":17,"column":4}},"17":{"start":{"line":18,"column":0},"end":{"line":18,"column":0}},"18":{"start":{"line":19,"column":0},"end":{"line":19,"column":29}},"19":{"start":{"line":20,"column":0},"end":{"line":20,"column":0}},"20":{"start":{"line":21,"column":0},"end":{"line":21,"column":16}},"21":{"start":{"line":22,"column":0},"end":{"line":22,"column":2}},"22":{"start":{"line":23,"column":0},"end":{"line":23,"column":0}},"23":{"start":{"line":24,"column":0},"end":{"line":24,"column":51}},"24":{"start":{"line":25,"column":0},"end":{"line":25,"column":108}},"25":{"start":{"line":26,"column":0},"end":{"line":26,"column":0}},"26":{"start":{"line":27,"column":0},"end":{"line":27,"column":43}},"27":{"start":{"line":28,"column":0},"end":{"line":28,"column":0}},"28":{"start":{"line":29,"column":0},"end":{"line":29,"column":16}},"29":{"start":{"line":30,"column":0},"end":{"line":30,"column":2}},"30":{"start":{"line":31,"column":0},"end":{"line":31,"column":0}},"31":{"start":{"line":32,"column":0},"end":{"line":32,"column":53}},"32":{"start":{"line":33,"column":0},"end":{"line":33,"column":76}},"33":{"start":{"line":34,"column":0},"end":{"line":34,"column":0}},"34":{"start":{"line":35,"column":0},"end":{"line":35,"column":20}},"35":{"start":{"line":36,"column":0},"end":{"line":36,"column":2}},"36":{"start":{"line":37,"column":0},"end":{"line":37,"column":0}},"37":{"start":{"line":38,"column":0},"end":{"line":38,"column":51}},"38":{"start":{"line":39,"column":0},"end":{"line":39,"column":70}},"39":{"start":{"line":40,"column":0},"end":{"line":40,"column":0}},"40":{"start":{"line":41,"column":0},"end":{"line":41,"column":16}},"41":{"start":{"line":42,"column":0},"end":{"line":42,"column":2}},"42":{"start":{"line":43,"column":0},"end":{"line":43,"column":0}},"43":{"start":{"line":44,"column":0},"end":{"line":44,"column":47}},"44":{"start":{"line":45,"column":0},"end":{"line":45,"column":66}},"45":{"start":{"line":46,"column":0},"end":{"line":46,"column":0}},"46":{"start":{"line":47,"column":0},"end":{"line":47,"column":16}},"47":{"start":{"line":48,"column":0},"end":{"line":48,"column":2}},"48":{"start":{"line":49,"column":0},"end":{"line":49,"column":0}},"49":{"start":{"line":50,"column":0},"end":{"line":50,"column":48}},"50":{"start":{"line":51,"column":0},"end":{"line":51,"column":94}},"51":{"start":{"line":52,"column":0},"end":{"line":52,"column":0}},"52":{"start":{"line":53,"column":0},"end":{"line":53,"column":59}},"53":{"start":{"line":54,"column":0},"end":{"line":54,"column":0}},"54":{"start":{"line":55,"column":0},"end":{"line":55,"column":39}},"55":{"start":{"line":56,"column":0},"end":{"line":56,"column":2}},"56":{"start":{"line":57,"column":0},"end":{"line":57,"column":1}}},"s":{"0":1,"1":1,"2":1,"3":1,"4":1,"5":4,"6":4,"7":4,"8":4,"9":5,"10":5,"11":5,"12":5,"13":5,"14":5,"15":5,"16":5,"17":5,"18":5,"19":5,"20":5,"21":5,"22":4,"23":4,"24":1,"25":1,"26":1,"27":1,"28":1,"29":1,"30":4,"31":4,"32":1,"33":1,"34":1,"35":1,"36":4,"37":4,"38":0,"39":0,"40":0,"41":0,"42":4,"43":4,"44":2,"45":2,"46":2,"47":2,"48":4,"49":4,"50":1,"51":1,"52":1,"53":1,"54":1,"55":1,"56":4},"branchMap":{"0":{"type":"branch","line":6,"loc":{"start":{"line":6,"column":0},"end":{"line":57,"column":1}},"locations":[{"start":{"line":6,"column":0},"end":{"line":57,"column":1}}]},"1":{"type":"branch","line":9,"loc":{"start":{"line":9,"column":1},"end":{"line":22,"column":2}},"locations":[{"start":{"line":9,"column":1},"end":{"line":22,"column":2}}]},"2":{"type":"branch","line":24,"loc":{"start":{"line":24,"column":1},"end":{"line":30,"column":2}},"locations":[{"start":{"line":24,"column":1},"end":{"line":30,"column":2}}]},"3":{"type":"branch","line":25,"loc":{"start":{"line":25,"column":51},"end":{"line":25,"column":107}},"locations":[{"start":{"line":25,"column":51},"end":{"line":25,"column":107}}]},"4":{"type":"branch","line":32,"loc":{"start":{"line":32,"column":1},"end":{"line":36,"column":2}},"locations":[{"start":{"line":32,"column":1},"end":{"line":36,"column":2}}]},"5":{"type":"branch","line":33,"loc":{"start":{"line":33,"column":43},"end":{"line":33,"column":75}},"locations":[{"start":{"line":33,"column":43},"end":{"line":33,"column":75}}]},"6":{"type":"branch","line":44,"loc":{"start":{"line":44,"column":1},"end":{"line":48,"column":2}},"locations":[{"start":{"line":44,"column":1},"end":{"line":48,"column":2}}]},"7":{"type":"branch","line":45,"loc":{"start":{"line":45,"column":37},"end":{"line":45,"column":65}},"locations":[{"start":{"line":45,"column":37},"end":{"line":45,"column":65}}]},"8":{"type":"branch","line":50,"loc":{"start":{"line":50,"column":1},"end":{"line":56,"column":2}},"locations":[{"start":{"line":50,"column":1},"end":{"line":56,"column":2}}]},"9":{"type":"branch","line":51,"loc":{"start":{"line":51,"column":43},"end":{"line":51,"column":93}},"locations":[{"start":{"line":51,"column":43},"end":{"line":51,"column":93}}]}},"b":{"0":[4],"1":[5],"2":[1],"3":[1],"4":[1],"5":[2],"6":[2],"7":[2],"8":[1],"9":[1]},"fnMap":{"0":{"name":"FakeProductsRepository","decl":{"start":{"line":6,"column":0},"end":{"line":57,"column":1}},"loc":{"start":{"line":6,"column":0},"end":{"line":57,"column":1}},"line":6},"1":{"name":"create","decl":{"start":{"line":9,"column":1},"end":{"line":22,"column":2}},"loc":{"start":{"line":9,"column":1},"end":{"line":22,"column":2}},"line":9},"2":{"name":"update","decl":{"start":{"line":24,"column":1},"end":{"line":30,"column":2}},"loc":{"start":{"line":24,"column":1},"end":{"line":30,"column":2}},"line":24},"3":{"name":"listByName","decl":{"start":{"line":32,"column":1},"end":{"line":36,"column":2}},"loc":{"start":{"line":32,"column":1},"end":{"line":36,"column":2}},"line":32},"4":{"name":"findByName","decl":{"start":{"line":38,"column":1},"end":{"line":42,"column":2}},"loc":{"start":{"line":38,"column":1},"end":{"line":42,"column":2}},"line":38},"5":{"name":"findById","decl":{"start":{"line":44,"column":1},"end":{"line":48,"column":2}},"loc":{"start":{"line":44,"column":1},"end":{"line":48,"column":2}},"line":44},"6":{"name":"delete","decl":{"start":{"line":50,"column":1},"end":{"line":56,"column":2}},"loc":{"start":{"line":50,"column":1},"end":{"line":56,"column":2}},"line":50}},"f":{"0":4,"1":5,"2":1,"3":1,"4":0,"5":2,"6":1}}
,"C:\\Users\\Techsavvy\\Desktop\\Programação\\loja-nodejs-express-typescript-postgres\\src\\modules\\products\\services\\CreateProductService.ts": {"path":"C:\\Users\\Techsavvy\\Desktop\\Programação\\loja-nodejs-express-typescript-postgres\\src\\modules\\products\\services\\CreateProductService.ts","all":false,"statementMap":{"0":{"start":{"line":1,"column":0},"end":{"line":1,"column":60}},"1":{"start":{"line":2,"column":0},"end":{"line":2,"column":45}},"2":{"start":{"line":3,"column":0},"end":{"line":3,"column":0}},"3":{"start":{"line":4,"column":0},"end":{"line":4,"column":59}},"4":{"start":{"line":5,"column":0},"end":{"line":5,"column":73}},"5":{"start":{"line":6,"column":0},"end":{"line":6,"column":60}},"6":{"start":{"line":7,"column":0},"end":{"line":7,"column":0}},"7":{"start":{"line":8,"column":0},"end":{"line":8,"column":13}},"8":{"start":{"line":9,"column":0},"end":{"line":9,"column":36}},"9":{"start":{"line":10,"column":0},"end":{"line":10,"column":13}},"10":{"start":{"line":11,"column":0},"end":{"line":11,"column":33}},"11":{"start":{"line":12,"column":0},"end":{"line":12,"column":51}},"12":{"start":{"line":13,"column":0},"end":{"line":13,"column":5}},"13":{"start":{"line":14,"column":0},"end":{"line":14,"column":0}},"14":{"start":{"line":15,"column":0},"end":{"line":15,"column":16}},"15":{"start":{"line":16,"column":0},"end":{"line":16,"column":7}},"16":{"start":{"line":17,"column":0},"end":{"line":17,"column":14}},"17":{"start":{"line":18,"column":0},"end":{"line":18,"column":7}},"18":{"start":{"line":19,"column":0},"end":{"line":19,"column":42}},"19":{"start":{"line":20,"column":0},"end":{"line":20,"column":56}},"20":{"start":{"line":21,"column":0},"end":{"line":21,"column":8}},"21":{"start":{"line":22,"column":0},"end":{"line":22,"column":15}},"22":{"start":{"line":23,"column":0},"end":{"line":23,"column":8}},"23":{"start":{"line":24,"column":0},"end":{"line":24,"column":4}},"24":{"start":{"line":25,"column":0},"end":{"line":25,"column":0}},"25":{"start":{"line":26,"column":0},"end":{"line":26,"column":16}},"26":{"start":{"line":27,"column":0},"end":{"line":27,"column":2}},"27":{"start":{"line":28,"column":0},"end":{"line":28,"column":1}}},"s":{"0":1,"1":1,"2":1,"3":1,"4":1,"5":1,"6":1,"7":1,"8":1,"9":1,"10":4,"11":4,"12":4,"13":1,"14":1,"15":5,"16":5,"17":5,"18":5,"19":5,"20":5,"21":5,"22":5,"23":5,"24":5,"25":5,"26":5,"27":1},"branchMap":{"0":{"type":"branch","line":10,"loc":{"start":{"line":10,"column":1},"end":{"line":13,"column":5}},"locations":[{"start":{"line":10,"column":1},"end":{"line":13,"column":5}}]},"1":{"type":"branch","line":15,"loc":{"start":{"line":15,"column":1},"end":{"line":27,"column":2}},"locations":[{"start":{"line":15,"column":1},"end":{"line":27,"column":2}}]}},"b":{"0":[4],"1":[5]},"fnMap":{"0":{"name":"CreateProductsService","decl":{"start":{"line":10,"column":1},"end":{"line":13,"column":5}},"loc":{"start":{"line":10,"column":1},"end":{"line":13,"column":5}},"line":10},"1":{"name":"execute","decl":{"start":{"line":15,"column":1},"end":{"line":27,"column":2}},"loc":{"start":{"line":15,"column":1},"end":{"line":27,"column":2}},"line":15}},"f":{"0":4,"1":5}}
,"C:\\Users\\Techsavvy\\Desktop\\Programação\\loja-nodejs-express-typescript-postgres\\src\\modules\\products\\services\\DeleteProductService.ts": {"path":"C:\\Users\\Techsavvy\\Desktop\\Programação\\loja-nodejs-express-typescript-postgres\\src\\modules\\products\\services\\DeleteProductService.ts","all":false,"statementMap":{"0":{"start":{"line":1,"column":0},"end":{"line":1,"column":45}},"1":{"start":{"line":2,"column":0},"end":{"line":2,"column":58}},"2":{"start":{"line":3,"column":0},"end":{"line":3,"column":73}},"3":{"start":{"line":4,"column":0},"end":{"line":4,"column":0}},"4":{"start":{"line":5,"column":0},"end":{"line":5,"column":13}},"5":{"start":{"line":6,"column":0},"end":{"line":6,"column":35}},"6":{"start":{"line":7,"column":0},"end":{"line":7,"column":13}},"7":{"start":{"line":8,"column":0},"end":{"line":8,"column":33}},"8":{"start":{"line":9,"column":0},"end":{"line":9,"column":51}},"9":{"start":{"line":10,"column":0},"end":{"line":10,"column":5}},"10":{"start":{"line":11,"column":0},"end":{"line":11,"column":0}},"11":{"start":{"line":12,"column":0},"end":{"line":12,"column":43}},"12":{"start":{"line":13,"column":0},"end":{"line":13,"column":60}},"13":{"start":{"line":14,"column":0},"end":{"line":14,"column":0}},"14":{"start":{"line":15,"column":0},"end":{"line":15,"column":60}},"15":{"start":{"line":16,"column":0},"end":{"line":16,"column":0}},"16":{"start":{"line":17,"column":0},"end":{"line":17,"column":47}},"17":{"start":{"line":18,"column":0},"end":{"line":18,"column":2}},"18":{"start":{"line":19,"column":0},"end":{"line":19,"column":1}}},"s":{"0":1,"1":1,"2":1,"3":1,"4":1,"5":1,"6":1,"7":1,"8":1,"9":1,"10":1,"11":1,"12":1,"13":1,"14":1,"15":1,"16":1,"17":1,"18":1},"branchMap":{"0":{"type":"branch","line":7,"loc":{"start":{"line":7,"column":1},"end":{"line":10,"column":5}},"locations":[{"start":{"line":7,"column":1},"end":{"line":10,"column":5}}]},"1":{"type":"branch","line":12,"loc":{"start":{"line":12,"column":1},"end":{"line":18,"column":2}},"locations":[{"start":{"line":12,"column":1},"end":{"line":18,"column":2}}]},"2":{"type":"branch","line":15,"loc":{"start":{"line":15,"column":15},"end":{"line":15,"column":60}},"locations":[{"start":{"line":15,"column":15},"end":{"line":15,"column":60}}]}},"b":{"0":[1],"1":[1],"2":[0]},"fnMap":{"0":{"name":"DeleteProductService","decl":{"start":{"line":7,"column":1},"end":{"line":10,"column":5}},"loc":{"start":{"line":7,"column":1},"end":{"line":10,"column":5}},"line":7},"1":{"name":"execute","decl":{"start":{"line":12,"column":1},"end":{"line":18,"column":2}},"loc":{"start":{"line":12,"column":1},"end":{"line":18,"column":2}},"line":12}},"f":{"0":1,"1":1}}
,"C:\\Users\\Techsavvy\\Desktop\\Programação\\loja-nodejs-express-typescript-postgres\\src\\modules\\products\\services\\ListProductsService.ts": {"path":"C:\\Users\\Techsavvy\\Desktop\\Programação\\loja-nodejs-express-typescript-postgres\\src\\modules\\products\\services\\ListProductsService.ts","all":false,"statementMap":{"0":{"start":{"line":1,"column":0},"end":{"line":1,"column":45}},"1":{"start":{"line":2,"column":0},"end":{"line":2,"column":59}},"2":{"start":{"line":3,"column":0},"end":{"line":3,"column":73}},"3":{"start":{"line":4,"column":0},"end":{"line":4,"column":0}},"4":{"start":{"line":5,"column":0},"end":{"line":5,"column":13}},"5":{"start":{"line":6,"column":0},"end":{"line":6,"column":34}},"6":{"start":{"line":7,"column":0},"end":{"line":7,"column":13}},"7":{"start":{"line":8,"column":0},"end":{"line":8,"column":33}},"8":{"start":{"line":9,"column":0},"end":{"line":9,"column":51}},"9":{"start":{"line":10,"column":0},"end":{"line":10,"column":5}},"10":{"start":{"line":11,"column":0},"end":{"line":11,"column":0}},"11":{"start":{"line":12,"column":0},"end":{"line":12,"column":50}},"12":{"start":{"line":13,"column":0},"end":{"line":13,"column":65}},"13":{"start":{"line":14,"column":0},"end":{"line":14,"column":0}},"14":{"start":{"line":15,"column":0},"end":{"line":15,"column":17}},"15":{"start":{"line":16,"column":0},"end":{"line":16,"column":2}},"16":{"start":{"line":17,"column":0},"end":{"line":17,"column":1}}},"s":{"0":1,"1":1,"2":1,"3":1,"4":1,"5":1,"6":1,"7":2,"8":2,"9":2,"10":1,"11":1,"12":1,"13":1,"14":1,"15":1,"16":1},"branchMap":{"0":{"type":"branch","line":7,"loc":{"start":{"line":7,"column":1},"end":{"line":10,"column":5}},"locations":[{"start":{"line":7,"column":1},"end":{"line":10,"column":5}}]},"1":{"type":"branch","line":12,"loc":{"start":{"line":12,"column":1},"end":{"line":16,"column":2}},"locations":[{"start":{"line":12,"column":1},"end":{"line":16,"column":2}}]}},"b":{"0":[2],"1":[1]},"fnMap":{"0":{"name":"ListProductsService","decl":{"start":{"line":7,"column":1},"end":{"line":10,"column":5}},"loc":{"start":{"line":7,"column":1},"end":{"line":10,"column":5}},"line":7},"1":{"name":"execute","decl":{"start":{"line":12,"column":1},"end":{"line":16,"column":2}},"loc":{"start":{"line":12,"column":1},"end":{"line":16,"column":2}},"line":12}},"f":{"0":2,"1":1}}
,"C:\\Users\\Techsavvy\\Desktop\\Programação\\loja-nodejs-express-typescript-postgres\\src\\modules\\products\\services\\UpdateProductService.ts": {"path":"C:\\Users\\Techsavvy\\Desktop\\Programação\\loja-nodejs-express-typescript-postgres\\src\\modules\\products\\services\\UpdateProductService.ts","all":false,"statementMap":{"0":{"start":{"line":1,"column":0},"end":{"line":1,"column":45}},"1":{"start":{"line":2,"column":0},"end":{"line":2,"column":58}},"2":{"start":{"line":3,"column":0},"end":{"line":3,"column":61}},"3":{"start":{"line":4,"column":0},"end":{"line":4,"column":59}},"4":{"start":{"line":5,"column":0},"end":{"line":5,"column":73}},"5":{"start":{"line":6,"column":0},"end":{"line":6,"column":0}},"6":{"start":{"line":7,"column":0},"end":{"line":7,"column":13}},"7":{"start":{"line":8,"column":0},"end":{"line":8,"column":35}},"8":{"start":{"line":9,"column":0},"end":{"line":9,"column":13}},"9":{"start":{"line":10,"column":0},"end":{"line":10,"column":33}},"10":{"start":{"line":11,"column":0},"end":{"line":11,"column":51}},"11":{"start":{"line":12,"column":0},"end":{"line":12,"column":5}},"12":{"start":{"line":13,"column":0},"end":{"line":13,"column":0}},"13":{"start":{"line":14,"column":0},"end":{"line":14,"column":87}},"14":{"start":{"line":15,"column":0},"end":{"line":15,"column":60}},"15":{"start":{"line":16,"column":0},"end":{"line":16,"column":0}},"16":{"start":{"line":17,"column":0},"end":{"line":17,"column":60}},"17":{"start":{"line":18,"column":0},"end":{"line":18,"column":0}},"18":{"start":{"line":19,"column":0},"end":{"line":19,"column":21}},"19":{"start":{"line":20,"column":0},"end":{"line":20,"column":35}},"20":{"start":{"line":21,"column":0},"end":{"line":21,"column":23}},"21":{"start":{"line":22,"column":0},"end":{"line":22,"column":0}},"22":{"start":{"line":23,"column":0},"end":{"line":23,"column":47}},"23":{"start":{"line":24,"column":0},"end":{"line":24,"column":0}},"24":{"start":{"line":25,"column":0},"end":{"line":25,"column":16}},"25":{"start":{"line":26,"column":0},"end":{"line":26,"column":2}},"26":{"start":{"line":27,"column":0},"end":{"line":27,"column":1}}},"s":{"0":1,"1":1,"2":1,"3":1,"4":1,"5":1,"6":1,"7":1,"8":1,"9":1,"10":1,"11":1,"12":1,"13":1,"14":1,"15":1,"16":1,"17":1,"18":1,"19":1,"20":1,"21":1,"22":1,"23":1,"24":1,"25":1,"26":1},"branchMap":{"0":{"type":"branch","line":9,"loc":{"start":{"line":9,"column":1},"end":{"line":12,"column":5}},"locations":[{"start":{"line":9,"column":1},"end":{"line":12,"column":5}}]},"1":{"type":"branch","line":14,"loc":{"start":{"line":14,"column":1},"end":{"line":26,"column":2}},"locations":[{"start":{"line":14,"column":1},"end":{"line":26,"column":2}}]},"2":{"type":"branch","line":17,"loc":{"start":{"line":17,"column":15},"end":{"line":17,"column":60}},"locations":[{"start":{"line":17,"column":15},"end":{"line":17,"column":60}}]}},"b":{"0":[1],"1":[1],"2":[0]},"fnMap":{"0":{"name":"UpdateProductService","decl":{"start":{"line":9,"column":1},"end":{"line":12,"column":5}},"loc":{"start":{"line":9,"column":1},"end":{"line":12,"column":5}},"line":9},"1":{"name":"execute","decl":{"start":{"line":14,"column":1},"end":{"line":26,"column":2}},"loc":{"start":{"line":14,"column":1},"end":{"line":26,"column":2}},"line":14}},"f":{"0":1,"1":1}}
,"C:\\Users\\Techsavvy\\Desktop\\Programação\\loja-nodejs-express-typescript-postgres\\src\\shared\\errors\\AppError.ts": {"path":"C:\\Users\\Techsavvy\\Desktop\\Programação\\loja-nodejs-express-typescript-postgres\\src\\shared\\errors\\AppError.ts","all":false,"statementMap":{"0":{"start":{"line":1,"column":0},"end":{"line":1,"column":23}},"1":{"start":{"line":2,"column":0},"end":{"line":2,"column":32}},"2":{"start":{"line":3,"column":0},"end":{"line":3,"column":0}},"3":{"start":{"line":4,"column":0},"end":{"line":4,"column":35}},"4":{"start":{"line":5,"column":0},"end":{"line":5,"column":0}},"5":{"start":{"line":6,"column":0},"end":{"line":6,"column":49}},"6":{"start":{"line":7,"column":0},"end":{"line":7,"column":24}},"7":{"start":{"line":8,"column":0},"end":{"line":8,"column":30}},"8":{"start":{"line":9,"column":0},"end":{"line":9,"column":2}},"9":{"start":{"line":10,"column":0},"end":{"line":10,"column":1}}},"s":{"0":1,"1":1,"2":1,"3":1,"4":1,"5":1,"6":0,"7":0,"8":0,"9":1},"branchMap":{},"b":{},"fnMap":{"0":{"name":"AppError","decl":{"start":{"line":6,"column":1},"end":{"line":9,"column":2}},"loc":{"start":{"line":6,"column":1},"end":{"line":9,"column":2}},"line":6}},"f":{"0":0}}
}
