TN:
SF:src\modules\products\infra\typeorm\entities\Product.ts
FN:20,Product
FNF:1
FNH:1
FNDA:5,Product
DA:1,1
DA:2,1
DA:3,1
DA:4,1
DA:5,1
DA:6,1
DA:7,1
DA:8,1
DA:9,1
DA:10,1
DA:11,1
DA:12,1
DA:13,1
DA:14,1
DA:15,1
DA:16,1
DA:17,1
DA:18,1
DA:19,1
DA:20,1
DA:21,5
DA:22,5
DA:23,5
DA:24,5
DA:25,1
LF:25
LH:25
BRDA:20,0,0,5
BRF:1
BRH:1
end_of_record
TN:
SF:src\modules\products\repositories\fakes\FakeProductsRepository.ts
FN:6,FakeProductsRepository
FN:9,create
FN:24,update
FN:32,listByName
FN:38,findByName
FN:44,findById
FN:50,delete
FNF:7
FNH:6
FNDA:4,FakeProductsRepository
FNDA:5,create
FNDA:1,update
FNDA:1,listByName
FNDA:0,findByName
FNDA:2,findById
FNDA:1,delete
DA:1,1
DA:2,1
DA:3,1
DA:4,1
DA:5,1
DA:6,4
DA:7,4
DA:8,4
DA:9,4
DA:10,5
DA:11,5
DA:12,5
DA:13,5
DA:14,5
DA:15,5
DA:16,5
DA:17,5
DA:18,5
DA:19,5
DA:20,5
DA:21,5
DA:22,5
DA:23,4
DA:24,4
DA:25,1
DA:26,1
DA:27,1
DA:28,1
DA:29,1
DA:30,1
DA:31,4
DA:32,4
DA:33,1
DA:34,1
DA:35,1
DA:36,1
DA:37,4
DA:38,4
DA:39,0
DA:40,0
DA:41,0
DA:42,0
DA:43,4
DA:44,4
DA:45,2
DA:46,2
DA:47,2
DA:48,2
DA:49,4
DA:50,4
DA:51,1
DA:52,1
DA:53,1
DA:54,1
DA:55,1
DA:56,1
DA:57,4
LF:57
LH:53
BRDA:6,0,0,4
BRDA:9,1,0,5
BRDA:24,2,0,1
BRDA:25,3,0,1
BRDA:32,4,0,1
BRDA:33,5,0,2
BRDA:44,6,0,2
BRDA:45,7,0,2
BRDA:50,8,0,1
BRDA:51,9,0,1
BRF:10
BRH:10
end_of_record
TN:
SF:src\modules\products\services\CreateProductService.ts
FN:10,CreateProductsService
FN:15,execute
FNF:2
FNH:2
FNDA:4,CreateProductsService
FNDA:5,execute
DA:1,1
DA:2,1
DA:3,1
DA:4,1
DA:5,1
DA:6,1
DA:7,1
DA:8,1
DA:9,1
DA:10,1
DA:11,4
DA:12,4
DA:13,4
DA:14,1
DA:15,1
DA:16,5
DA:17,5
DA:18,5
DA:19,5
DA:20,5
DA:21,5
DA:22,5
DA:23,5
DA:24,5
DA:25,5
DA:26,5
DA:27,5
DA:28,1
LF:28
LH:28
BRDA:10,0,0,4
BRDA:15,1,0,5
BRF:2
BRH:2
end_of_record
TN:
SF:src\modules\products\services\DeleteProductService.ts
FN:7,DeleteProductService
FN:12,execute
FNF:2
FNH:2
FNDA:1,DeleteProductService
FNDA:1,execute
DA:1,1
DA:2,1
DA:3,1
DA:4,1
DA:5,1
DA:6,1
DA:7,1
DA:8,1
DA:9,1
DA:10,1
DA:11,1
DA:12,1
DA:13,1
DA:14,1
DA:15,1
DA:16,1
DA:17,1
DA:18,1
DA:19,1
LF:19
LH:19
BRDA:7,0,0,1
BRDA:12,1,0,1
BRDA:15,2,0,0
BRF:3
BRH:2
end_of_record
TN:
SF:src\modules\products\services\ListProductsService.ts
FN:7,ListProductsService
FN:12,execute
FNF:2
FNH:2
FNDA:2,ListProductsService
FNDA:1,execute
DA:1,1
DA:2,1
DA:3,1
DA:4,1
DA:5,1
DA:6,1
DA:7,1
DA:8,2
DA:9,2
DA:10,2
DA:11,1
DA:12,1
DA:13,1
DA:14,1
DA:15,1
DA:16,1
DA:17,1
LF:17
LH:17
BRDA:7,0,0,2
BRDA:12,1,0,1
BRF:2
BRH:2
end_of_record
TN:
SF:src\modules\products\services\UpdateProductService.ts
FN:9,UpdateProductService
FN:14,execute
FNF:2
FNH:2
FNDA:1,UpdateProductService
FNDA:1,execute
DA:1,1
DA:2,1
DA:3,1
DA:4,1
DA:5,1
DA:6,1
DA:7,1
DA:8,1
DA:9,1
DA:10,1
DA:11,1
DA:12,1
DA:13,1
DA:14,1
DA:15,1
DA:16,1
DA:17,1
DA:18,1
DA:19,1
DA:20,1
DA:21,1
DA:22,1
DA:23,1
DA:24,1
DA:25,1
DA:26,1
DA:27,1
LF:27
LH:27
BRDA:9,0,0,1
BRDA:14,1,0,1
BRDA:17,2,0,0
BRF:3
BRH:2
end_of_record
TN:
SF:src\shared\errors\AppError.ts
FN:6,AppError
FNF:1
FNH:0
FNDA:0,AppError
DA:1,1
DA:2,1
DA:3,1
DA:4,1
DA:5,1
DA:6,1
DA:7,0
DA:8,0
DA:9,0
DA:10,1
LF:10
LH:7
BRF:0
BRH:0
end_of_record
